START 1783294885
GNU gdb (GDB) 17.2
Copyright (C) 2025 Free Software Foundation, Inc.
License GPLv3+: GNU GPL version 3 or later <http://gnu.org/licenses/gpl.html>
This is free software: you are free to change and redistribute it.
There is NO WARRANTY, to the extent permitted by law.
Type "show copying" and "show warranty" for details.
This GDB was configured as "x86_64-pc-linux-gnu".
Type "show configuration" for configuration details.
For bug reporting instructions, please see:
<https://www.gnu.org/software/gdb/bugs/>.
Find the GDB manual and other documentation resources online at:
    <http://www.gnu.org/software/gdb/documentation/>.

For help, type "help".
Type "apropos word" to search for commands related to "word"...
Reading symbols from /usr/local/lib/R/bin/exec/R...
⚠️ warning: BFD: warning: system-supplied DSO at 0x6fffd000 has a section extending past end of file
⚠️ warning: Discarding section .replay.text which has an invalid size (27) [in module system-supplied DSO at 0x6fffd000]
0x00007eaa8e9160cb in readlink () from /usr/lib/x86_64-linux-gnu/libc.so.6
❌️ No source file named predModule.cpp.
Breakpoint 1 (predModule.cpp:297) pending.
READY-RR-SETUP2

### CRASH SITE HIT: this=0x609befac68a0 ###
expr failed: (long)this->d_X.data() Cannot evaluate function -- may be inlined
expr failed: (long)d_X.data() Cannot evaluate function -- may be inlined
read via expr: (long)this->d_X.m_data
d_X data pointer: 0x609bed462ee0
[New Thread 1639764.1639774]

Thread 1 hit Breakpoint 1, lme4::merPredD::updateDecomp (this=0x609befac68a0, 
    xPenalty=xPenalty@entry=0x0) at predModule.cpp:263
263	    void merPredD::updateDecomp(const MatrixXd* xPenalty) {  // update L, RZX and RX
(gdb) Hardware watchpoint 2: *(long*)0x609bed462ee0
--- issuing reverse-continue #1 (this may take a while) ---
Detaching from program: /usr/local/lib/R/bin/exec/R, process 1639764
❌️ Cannot execute this command while the target is running.
Use the "interrupt" command to stop the target
and then try again.
END 1783294891
